[debug] [2024-12-18T10:35:08.732Z] ----------------------------------------------------------------------
[debug] [2024-12-18T10:35:08.738Z] Command:       C:\Program Files\nodejs\node.exe C:\Users\Kirti Kuku\AppData\Roaming\npm\node_modules\firebase-tools\lib\bin\firebase.js init
[debug] [2024-12-18T10:35:08.738Z] CLI Version:   13.29.1
[debug] [2024-12-18T10:35:08.739Z] Platform:      win32
[debug] [2024-12-18T10:35:08.739Z] Node Version:  v22.11.0
[debug] [2024-12-18T10:35:08.740Z] Time:          Wed Dec 18 2024 16:05:08 GMT+0530 (India Standard Time)
[debug] [2024-12-18T10:35:08.740Z] ----------------------------------------------------------------------
[debug] 
[debug] [2024-12-18T10:35:08.754Z] > command requires scopes: ["email","openid","https://www.googleapis.com/auth/cloudplatformprojects.readonly","https://www.googleapis.com/auth/firebase","https://www.googleapis.com/auth/cloud-platform"]
[debug] [2024-12-18T10:35:08.755Z] > authorizing via signed-in user (abhirajshrivastava321@gmail.com)
[info] 
     ######## #### ########  ######## ########     ###     ######  ########
     ##        ##  ##     ## ##       ##     ##  ##   ##  ##       ##
     ######    ##  ########  ######   ########  #########  ######  ######
     ##        ##  ##    ##  ##       ##     ## ##     ##       ## ##
     ##       #### ##     ## ######## ########  ##     ##  ######  ########

You're about to initialize a Firebase project in this directory:

  C:\fpowebapp

Before we get started, keep in mind:

  * You are currently outside your home directory

